[debug] [2019-10-20T13:12:54.288Z] ----------------------------------------------------------------------
[debug] [2019-10-20T13:12:54.290Z] Command:       /usr/local/bin/node /usr/local/bin/firebase serve
[debug] [2019-10-20T13:12:54.290Z] CLI Version:   7.5.0
[debug] [2019-10-20T13:12:54.290Z] Platform:      darwin
[debug] [2019-10-20T13:12:54.290Z] Node Version:  v10.16.3
[debug] [2019-10-20T13:12:54.292Z] Time:          Sun Oct 20 2019 14:12:54 GMT+0100 (Irish Standard Time)
[debug] [2019-10-20T13:12:54.292Z] ----------------------------------------------------------------------
[debug] 
[debug] [2019-10-20T13:12:54.300Z] > command requires scopes: ["email","openid","https://www.googleapis.com/auth/cloudplatformprojects.readonly","https://www.googleapis.com/auth/firebase","https://www.googleapis.com/auth/cloud-platform"]
[debug] [2019-10-20T13:12:54.300Z] > authorizing via signed-in user
[debug] [2019-10-20T13:12:54.300Z] [iam] checking project evea-prj for permissions ["firebase.projects.get"]
[debug] [2019-10-20T13:12:54.302Z] >>> HTTP REQUEST POST https://cloudresourcemanager.googleapis.com/v1/projects/evea-prj:testIamPermissions  

[debug] [2019-10-20T13:12:54.548Z] <<< HTTP RESPONSE 200
[debug] [2019-10-20T13:12:54.550Z] >>> HTTP REQUEST GET https://firebase.googleapis.com/v1beta1/projects/evea-prj  
 
[debug] [2019-10-20T13:12:54.890Z] <<< HTTP RESPONSE 200
[info] 
[info] === Serving from '/Users/sharathgh/Documents/EveA_Project'...
[info] 
[debug] [2019-10-20T13:12:54.896Z] >>> HTTP REQUEST GET https://firebase.googleapis.com/v1beta1/projects/evea-prj/webApps/-/config  
 
[info] ✔  functions: Using node@10 from host.
[info] ✔  functions: Emulator started at http://localhost:5001
[debug] [2019-10-20T13:12:55.380Z] <<< HTTP RESPONSE 200
[info] i  functions: Watching "/Users/sharathgh/Documents/EveA_Project/functions" for Cloud Functions...
[info] i  hosting: Serving hosting files from: public
[info] ✔  hosting: Local server: http://localhost:5000
[debug] [2019-10-20T13:12:55.736Z] [runtime-status] Functions runtime initialized. {"cwd":"/Users/sharathgh/Documents/EveA_Project/functions","node_version":"10.16.3"}
[debug] [2019-10-20T13:12:55.736Z] [runtime-status] Disabled runtime features: {"functions_config_helper":true,"network_filtering":true,"timeout":true,"memory_limiting":true,"admin_stubs":true} {}
[debug] [2019-10-20T13:12:55.741Z] [runtime-status] Resolved module firebase-admin {"declared":true,"installed":true,"version":"8.6.0","resolution":"/Users/sharathgh/Documents/EveA_Project/functions/node_modules/firebase-admin/lib/index.js"}
[debug] [2019-10-20T13:12:55.743Z] [runtime-status] Resolved module firebase-functions {"declared":true,"installed":true,"version":"3.2.0","resolution":"/Users/sharathgh/Documents/EveA_Project/functions/node_modules/firebase-functions/lib/index.js"}
[debug] [2019-10-20T13:12:55.744Z] [runtime-status] Resolved module firebase-functions {"declared":true,"installed":true,"version":"3.2.0","resolution":"/Users/sharathgh/Documents/EveA_Project/functions/node_modules/firebase-functions/lib/index.js"}
[info] ✔  functions[api]: http function initialized (http://localhost:5001/evea-prj/us-central1/api).
[info] [hosting] Rewriting /api/v1/login to http://localhost:5001/evea-prj/us-central1/api for local Function api
[debug] [2019-10-20T13:13:20.416Z] Accepted request POST /evea-prj/us-central1/api/api/v1/login --> api
[debug] [2019-10-20T13:13:21.114Z] [runtime-status] Functions runtime initialized. {"cwd":"/Users/sharathgh/Documents/EveA_Project/functions","node_version":"10.16.3"}
[info] i  functions: Beginning execution of "api"
[debug] [2019-10-20T13:13:21.115Z] [runtime-status] Disabled runtime features: {"functions_config_helper":true,"network_filtering":true,"timeout":true,"memory_limiting":true,"admin_stubs":true} {}
[debug] [2019-10-20T13:13:21.123Z] [runtime-status] Resolved module firebase-admin {"declared":true,"installed":true,"version":"8.6.0","resolution":"/Users/sharathgh/Documents/EveA_Project/functions/node_modules/firebase-admin/lib/index.js"}
[debug] [2019-10-20T13:13:21.126Z] [runtime-status] Resolved module firebase-functions {"declared":true,"installed":true,"version":"3.2.0","resolution":"/Users/sharathgh/Documents/EveA_Project/functions/node_modules/firebase-functions/lib/index.js"}
[debug] [2019-10-20T13:13:21.127Z] [runtime-status] Resolved module firebase-functions {"declared":true,"installed":true,"version":"3.2.0","resolution":"/Users/sharathgh/Documents/EveA_Project/functions/node_modules/firebase-functions/lib/index.js"}
[debug] [2019-10-20T13:13:22.239Z] [runtime-status] Trigger "api" has been found, beginning invocation! {}
[debug] [2019-10-20T13:13:22.240Z] [runtime-status]  {"httpsTrigger":{},"name":"api","entryPoint":"api"}
[debug] [2019-10-20T13:13:22.240Z] [runtime-status] Running api in mode HTTPS {}
[debug] [2019-10-20T13:13:22.247Z] {"socketPath":"/var/folders/1y/gb4w8tz977n_b6mr19z61hdm0000gn/T/firebase_emulator_invocation_30053.sock"}
[debug] [2019-10-20T13:13:22.249Z] [functions] Runtime ready! Sending request! {"socketPath":"/var/folders/1y/gb4w8tz977n_b6mr19z61hdm0000gn/T/firebase_emulator_invocation_30053.sock"}
[debug] [2019-10-20T13:13:22.288Z] [runtime-status] Ephemeral server used! {}
[debug] [2019-10-20T13:13:22.316Z] [runtime-status] Ephemeral server survived. {}
[info] i  functions: Finished "api" in ~1s
[info] [hosting] Rewriting /api/v1/events to http://localhost:5001/evea-prj/us-central1/api for local Function api
[debug] [2019-10-20T13:13:23.180Z] Accepted request GET /evea-prj/us-central1/api/api/v1/events --> api
[debug] [2019-10-20T13:13:23.516Z] [runtime-status] Functions runtime initialized. {"cwd":"/Users/sharathgh/Documents/EveA_Project/functions","node_version":"10.16.3"}
[info] i  functions: Beginning execution of "api"
[debug] [2019-10-20T13:13:23.517Z] [runtime-status] Disabled runtime features: {"functions_config_helper":true,"network_filtering":true,"timeout":true,"memory_limiting":true,"admin_stubs":true} {}
[debug] [2019-10-20T13:13:23.520Z] [runtime-status] Resolved module firebase-admin {"declared":true,"installed":true,"version":"8.6.0","resolution":"/Users/sharathgh/Documents/EveA_Project/functions/node_modules/firebase-admin/lib/index.js"}
[debug] [2019-10-20T13:13:23.521Z] [runtime-status] Resolved module firebase-functions {"declared":true,"installed":true,"version":"3.2.0","resolution":"/Users/sharathgh/Documents/EveA_Project/functions/node_modules/firebase-functions/lib/index.js"}
[debug] [2019-10-20T13:13:23.521Z] [runtime-status] Resolved module firebase-functions {"declared":true,"installed":true,"version":"3.2.0","resolution":"/Users/sharathgh/Documents/EveA_Project/functions/node_modules/firebase-functions/lib/index.js"}
[debug] [2019-10-20T13:13:23.898Z] [runtime-status] Trigger "api" has been found, beginning invocation! {}
[debug] [2019-10-20T13:13:23.898Z] [runtime-status]  {"httpsTrigger":{},"name":"api","entryPoint":"api"}
[debug] [2019-10-20T13:13:23.898Z] [runtime-status] Running api in mode HTTPS {}
[debug] [2019-10-20T13:13:23.907Z] {"socketPath":"/var/folders/1y/gb4w8tz977n_b6mr19z61hdm0000gn/T/firebase_emulator_invocation_30054.sock"}
[debug] [2019-10-20T13:13:23.908Z] [functions] Runtime ready! Sending request! {"socketPath":"/var/folders/1y/gb4w8tz977n_b6mr19z61hdm0000gn/T/firebase_emulator_invocation_30054.sock"}
[debug] [2019-10-20T13:13:23.919Z] [runtime-status] Ephemeral server used! {}
[debug] [2019-10-20T13:13:24.034Z] [runtime-status] Ephemeral server survived. {}
[info] [hosting] Rewriting /api/v1/events to http://localhost:5001/evea-prj/us-central1/api for local Function api
[debug] [2019-10-20T13:13:25.112Z] Accepted request GET /evea-prj/us-central1/api/api/v1/events --> api
[info] i  functions: Finished "api" in ~1s
[debug] [2019-10-20T13:13:25.562Z] [runtime-status] Functions runtime initialized. {"cwd":"/Users/sharathgh/Documents/EveA_Project/functions","node_version":"10.16.3"}
[info] i  functions: Beginning execution of "api"
[debug] [2019-10-20T13:13:25.563Z] [runtime-status] Disabled runtime features: {"functions_config_helper":true,"network_filtering":true,"timeout":true,"memory_limiting":true,"admin_stubs":true} {}
[debug] [2019-10-20T13:13:25.571Z] [runtime-status] Resolved module firebase-admin {"declared":true,"installed":true,"version":"8.6.0","resolution":"/Users/sharathgh/Documents/EveA_Project/functions/node_modules/firebase-admin/lib/index.js"}
[debug] [2019-10-20T13:13:25.571Z] [runtime-status] Resolved module firebase-functions {"declared":true,"installed":true,"version":"3.2.0","resolution":"/Users/sharathgh/Documents/EveA_Project/functions/node_modules/firebase-functions/lib/index.js"}
[debug] [2019-10-20T13:13:25.575Z] [runtime-status] Resolved module firebase-functions {"declared":true,"installed":true,"version":"3.2.0","resolution":"/Users/sharathgh/Documents/EveA_Project/functions/node_modules/firebase-functions/lib/index.js"}
[debug] [2019-10-20T13:13:26.100Z] [runtime-status] Trigger "api" has been found, beginning invocation! {}
[debug] [2019-10-20T13:13:26.100Z] [runtime-status]  {"httpsTrigger":{},"name":"api","entryPoint":"api"}
[debug] [2019-10-20T13:13:26.101Z] [runtime-status] Running api in mode HTTPS {}
[debug] [2019-10-20T13:13:26.112Z] {"socketPath":"/var/folders/1y/gb4w8tz977n_b6mr19z61hdm0000gn/T/firebase_emulator_invocation_30055.sock"}
[debug] [2019-10-20T13:13:26.114Z] [functions] Runtime ready! Sending request! {"socketPath":"/var/folders/1y/gb4w8tz977n_b6mr19z61hdm0000gn/T/firebase_emulator_invocation_30055.sock"}
[debug] [2019-10-20T13:13:26.132Z] [runtime-status] Ephemeral server used! {}
[debug] [2019-10-20T13:13:26.226Z] [runtime-status] Ephemeral server survived. {}
[info] i  functions: Finished "api" in ~1s
[debug] [2019-10-20T13:36:03.024Z] ----------------------------------------------------------------------
[debug] [2019-10-20T13:36:03.027Z] Command:       /usr/local/bin/node /usr/local/bin/firebase serve
[debug] [2019-10-20T13:36:03.027Z] CLI Version:   7.5.0
[debug] [2019-10-20T13:36:03.027Z] Platform:      darwin
[debug] [2019-10-20T13:36:03.027Z] Node Version:  v10.16.3
[debug] [2019-10-20T13:36:03.028Z] Time:          Sun Oct 20 2019 14:36:03 GMT+0100 (Irish Standard Time)
[debug] [2019-10-20T13:36:03.028Z] ----------------------------------------------------------------------
[debug] 
[debug] [2019-10-20T13:36:03.044Z] > command requires scopes: ["email","openid","https://www.googleapis.com/auth/cloudplatformprojects.readonly","https://www.googleapis.com/auth/firebase","https://www.googleapis.com/auth/cloud-platform"]
[debug] [2019-10-20T13:36:03.045Z] > authorizing via signed-in user
[debug] [2019-10-20T13:36:03.045Z] [iam] checking project evea-prj for permissions ["firebase.projects.get"]
[debug] [2019-10-20T13:36:03.048Z] >>> HTTP REQUEST POST https://cloudresourcemanager.googleapis.com/v1/projects/evea-prj:testIamPermissions  

[debug] [2019-10-20T13:36:04.081Z] <<< HTTP RESPONSE 200
[debug] [2019-10-20T13:36:04.083Z] >>> HTTP REQUEST GET https://firebase.googleapis.com/v1beta1/projects/evea-prj  
 
[debug] [2019-10-20T13:36:04.867Z] <<< HTTP RESPONSE 200
[info] 
[info] === Serving from '/Users/sharathgh/Documents/EveA_Project'...
[info] 
[debug] [2019-10-20T13:36:04.873Z] >>> HTTP REQUEST GET https://firebase.googleapis.com/v1beta1/projects/evea-prj/webApps/-/config  
 
[info] ✔  functions: Using node@10 from host.
[info] ✔  functions: Emulator started at http://localhost:5001
[debug] [2019-10-20T13:36:05.667Z] <<< HTTP RESPONSE 200
[info] i  functions: Watching "/Users/sharathgh/Documents/EveA_Project/functions" for Cloud Functions...
[info] i  hosting: Serving hosting files from: public
[info] ✔  hosting: Local server: http://localhost:5000
[debug] [2019-10-20T13:36:06.022Z] [runtime-status] Functions runtime initialized. {"cwd":"/Users/sharathgh/Documents/EveA_Project/functions","node_version":"10.16.3"}
[debug] [2019-10-20T13:36:06.022Z] [runtime-status] Disabled runtime features: {"functions_config_helper":true,"network_filtering":true,"timeout":true,"memory_limiting":true,"admin_stubs":true} {}
[debug] [2019-10-20T13:36:06.025Z] [runtime-status] Resolved module firebase-admin {"declared":true,"installed":true,"version":"8.6.0","resolution":"/Users/sharathgh/Documents/EveA_Project/functions/node_modules/firebase-admin/lib/index.js"}
[debug] [2019-10-20T13:36:06.026Z] [runtime-status] Resolved module firebase-functions {"declared":true,"installed":true,"version":"3.2.0","resolution":"/Users/sharathgh/Documents/EveA_Project/functions/node_modules/firebase-functions/lib/index.js"}
[debug] [2019-10-20T13:36:06.027Z] [runtime-status] Resolved module firebase-functions {"declared":true,"installed":true,"version":"3.2.0","resolution":"/Users/sharathgh/Documents/EveA_Project/functions/node_modules/firebase-functions/lib/index.js"}
[info] ✔  functions[api]: http function initialized (http://localhost:5001/evea-prj/us-central1/api).
[info] [hosting] Rewriting /api/v1/login to http://localhost:5001/evea-prj/us-central1/api for local Function api
[debug] [2019-10-20T13:36:29.550Z] Accepted request POST /evea-prj/us-central1/api/api/v1/login --> api
[debug] [2019-10-20T13:36:29.865Z] [runtime-status] Functions runtime initialized. {"cwd":"/Users/sharathgh/Documents/EveA_Project/functions","node_version":"10.16.3"}
[info] i  functions: Beginning execution of "api"
[debug] [2019-10-20T13:36:29.865Z] [runtime-status] Disabled runtime features: {"functions_config_helper":true,"network_filtering":true,"timeout":true,"memory_limiting":true,"admin_stubs":true} {}
[debug] [2019-10-20T13:36:29.868Z] [runtime-status] Resolved module firebase-admin {"declared":true,"installed":true,"version":"8.6.0","resolution":"/Users/sharathgh/Documents/EveA_Project/functions/node_modules/firebase-admin/lib/index.js"}
[debug] [2019-10-20T13:36:29.869Z] [runtime-status] Resolved module firebase-functions {"declared":true,"installed":true,"version":"3.2.0","resolution":"/Users/sharathgh/Documents/EveA_Project/functions/node_modules/firebase-functions/lib/index.js"}
[debug] [2019-10-20T13:36:29.870Z] [runtime-status] Resolved module firebase-functions {"declared":true,"installed":true,"version":"3.2.0","resolution":"/Users/sharathgh/Documents/EveA_Project/functions/node_modules/firebase-functions/lib/index.js"}
[debug] [2019-10-20T13:36:30.243Z] [runtime-status] Trigger "api" has been found, beginning invocation! {}
[debug] [2019-10-20T13:36:30.243Z] [runtime-status]  {"httpsTrigger":{},"name":"api","entryPoint":"api"}
[debug] [2019-10-20T13:36:30.243Z] [runtime-status] Running api in mode HTTPS {}
[debug] [2019-10-20T13:36:30.250Z] {"socketPath":"/var/folders/1y/gb4w8tz977n_b6mr19z61hdm0000gn/T/firebase_emulator_invocation_30275.sock"}
[debug] [2019-10-20T13:36:30.252Z] [functions] Runtime ready! Sending request! {"socketPath":"/var/folders/1y/gb4w8tz977n_b6mr19z61hdm0000gn/T/firebase_emulator_invocation_30275.sock"}
[debug] [2019-10-20T13:36:30.292Z] [runtime-status] Ephemeral server used! {}
[debug] [2019-10-20T13:36:30.316Z] [runtime-status] Ephemeral server survived. {}
[info] i  functions: Finished "api" in ~1s
[info] [hosting] Rewriting /api/v1/events to http://localhost:5001/evea-prj/us-central1/api for local Function api
[debug] [2019-10-20T13:36:31.222Z] Accepted request GET /evea-prj/us-central1/api/api/v1/events --> api
[debug] [2019-10-20T13:36:31.551Z] [runtime-status] Functions runtime initialized. {"cwd":"/Users/sharathgh/Documents/EveA_Project/functions","node_version":"10.16.3"}
[info] i  functions: Beginning execution of "api"
[debug] [2019-10-20T13:36:31.552Z] [runtime-status] Disabled runtime features: {"functions_config_helper":true,"network_filtering":true,"timeout":true,"memory_limiting":true,"admin_stubs":true} {}
[debug] [2019-10-20T13:36:31.555Z] [runtime-status] Resolved module firebase-admin {"declared":true,"installed":true,"version":"8.6.0","resolution":"/Users/sharathgh/Documents/EveA_Project/functions/node_modules/firebase-admin/lib/index.js"}
[debug] [2019-10-20T13:36:31.556Z] [runtime-status] Resolved module firebase-functions {"declared":true,"installed":true,"version":"3.2.0","resolution":"/Users/sharathgh/Documents/EveA_Project/functions/node_modules/firebase-functions/lib/index.js"}
[debug] [2019-10-20T13:36:31.557Z] [runtime-status] Resolved module firebase-functions {"declared":true,"installed":true,"version":"3.2.0","resolution":"/Users/sharathgh/Documents/EveA_Project/functions/node_modules/firebase-functions/lib/index.js"}
[debug] [2019-10-20T13:36:31.946Z] [runtime-status] Trigger "api" has been found, beginning invocation! {}
[debug] [2019-10-20T13:36:31.947Z] [runtime-status]  {"httpsTrigger":{},"name":"api","entryPoint":"api"}
[debug] [2019-10-20T13:36:31.947Z] [runtime-status] Running api in mode HTTPS {}
[debug] [2019-10-20T13:36:31.956Z] {"socketPath":"/var/folders/1y/gb4w8tz977n_b6mr19z61hdm0000gn/T/firebase_emulator_invocation_30276.sock"}
[debug] [2019-10-20T13:36:31.958Z] [functions] Runtime ready! Sending request! {"socketPath":"/var/folders/1y/gb4w8tz977n_b6mr19z61hdm0000gn/T/firebase_emulator_invocation_30276.sock"}
[debug] [2019-10-20T13:36:31.972Z] [runtime-status] Ephemeral server used! {}
[debug] [2019-10-20T13:36:32.065Z] [runtime-status] Ephemeral server survived. {}
[info] [hosting] Rewriting /api/v1/events to http://localhost:5001/evea-prj/us-central1/api for local Function api
[debug] [2019-10-20T13:36:32.883Z] Accepted request GET /evea-prj/us-central1/api/api/v1/events --> api
[info] i  functions: Finished "api" in ~1s
[debug] [2019-10-20T13:36:33.320Z] [runtime-status] Functions runtime initialized. {"cwd":"/Users/sharathgh/Documents/EveA_Project/functions","node_version":"10.16.3"}
[info] i  functions: Beginning execution of "api"
[debug] [2019-10-20T13:36:33.321Z] [runtime-status] Disabled runtime features: {"functions_config_helper":true,"network_filtering":true,"timeout":true,"memory_limiting":true,"admin_stubs":true} {}
[debug] [2019-10-20T13:36:33.325Z] [runtime-status] Resolved module firebase-admin {"declared":true,"installed":true,"version":"8.6.0","resolution":"/Users/sharathgh/Documents/EveA_Project/functions/node_modules/firebase-admin/lib/index.js"}
[debug] [2019-10-20T13:36:33.328Z] [runtime-status] Resolved module firebase-functions {"declared":true,"installed":true,"version":"3.2.0","resolution":"/Users/sharathgh/Documents/EveA_Project/functions/node_modules/firebase-functions/lib/index.js"}
[debug] [2019-10-20T13:36:33.329Z] [runtime-status] Resolved module firebase-functions {"declared":true,"installed":true,"version":"3.2.0","resolution":"/Users/sharathgh/Documents/EveA_Project/functions/node_modules/firebase-functions/lib/index.js"}
[debug] [2019-10-20T13:36:33.823Z] [runtime-status] Trigger "api" has been found, beginning invocation! {}
[debug] [2019-10-20T13:36:33.824Z] [runtime-status]  {"httpsTrigger":{},"name":"api","entryPoint":"api"}
[debug] [2019-10-20T13:36:33.824Z] [runtime-status] Running api in mode HTTPS {}
[debug] [2019-10-20T13:36:33.833Z] {"socketPath":"/var/folders/1y/gb4w8tz977n_b6mr19z61hdm0000gn/T/firebase_emulator_invocation_30277.sock"}
[debug] [2019-10-20T13:36:33.835Z] [functions] Runtime ready! Sending request! {"socketPath":"/var/folders/1y/gb4w8tz977n_b6mr19z61hdm0000gn/T/firebase_emulator_invocation_30277.sock"}
[debug] [2019-10-20T13:36:33.850Z] [runtime-status] Ephemeral server used! {}
[debug] [2019-10-20T13:36:33.971Z] [runtime-status] Ephemeral server survived. {}
[info] i  functions: Finished "api" in ~1s
[debug] [2019-10-20T13:57:15.198Z] ----------------------------------------------------------------------
[debug] [2019-10-20T13:57:15.201Z] Command:       /usr/local/bin/node /usr/local/bin/firebase serve
[debug] [2019-10-20T13:57:15.201Z] CLI Version:   7.5.0
[debug] [2019-10-20T13:57:15.201Z] Platform:      darwin
[debug] [2019-10-20T13:57:15.201Z] Node Version:  v10.16.3
[debug] [2019-10-20T13:57:15.202Z] Time:          Sun Oct 20 2019 14:57:15 GMT+0100 (Irish Standard Time)
[debug] [2019-10-20T13:57:15.203Z] ----------------------------------------------------------------------
[debug] 
[debug] [2019-10-20T13:57:15.222Z] > command requires scopes: ["email","openid","https://www.googleapis.com/auth/cloudplatformprojects.readonly","https://www.googleapis.com/auth/firebase","https://www.googleapis.com/auth/cloud-platform"]
[debug] [2019-10-20T13:57:15.222Z] > authorizing via signed-in user
[debug] [2019-10-20T13:57:15.223Z] [iam] checking project evea-prj for permissions ["firebase.projects.get"]
[debug] [2019-10-20T13:57:15.225Z] >>> HTTP REQUEST POST https://cloudresourcemanager.googleapis.com/v1/projects/evea-prj:testIamPermissions  

[debug] [2019-10-20T13:57:15.484Z] <<< HTTP RESPONSE 200
[debug] [2019-10-20T13:57:15.486Z] >>> HTTP REQUEST GET https://firebase.googleapis.com/v1beta1/projects/evea-prj  
 
[debug] [2019-10-20T13:57:15.955Z] <<< HTTP RESPONSE 200
[info] 
[info] === Serving from '/Users/sharathgh/Documents/EveA_Project'...
[info] 
[debug] [2019-10-20T13:57:15.960Z] >>> HTTP REQUEST GET https://firebase.googleapis.com/v1beta1/projects/evea-prj/webApps/-/config  
 
[info] ✔  functions: Using node@10 from host.
[info] ✔  functions: Emulator started at http://localhost:5001
[debug] [2019-10-20T13:57:16.425Z] <<< HTTP RESPONSE 200
[info] i  functions: Watching "/Users/sharathgh/Documents/EveA_Project/functions" for Cloud Functions...
[info] i  hosting: Serving hosting files from: public
[info] ✔  hosting: Local server: http://localhost:5000
[debug] [2019-10-20T13:57:16.775Z] [runtime-status] Functions runtime initialized. {"cwd":"/Users/sharathgh/Documents/EveA_Project/functions","node_version":"10.16.3"}
[debug] [2019-10-20T13:57:16.775Z] [runtime-status] Disabled runtime features: {"functions_config_helper":true,"network_filtering":true,"timeout":true,"memory_limiting":true,"admin_stubs":true} {}
[debug] [2019-10-20T13:57:16.778Z] [runtime-status] Resolved module firebase-admin {"declared":true,"installed":true,"version":"8.6.0","resolution":"/Users/sharathgh/Documents/EveA_Project/functions/node_modules/firebase-admin/lib/index.js"}
[debug] [2019-10-20T13:57:16.779Z] [runtime-status] Resolved module firebase-functions {"declared":true,"installed":true,"version":"3.2.0","resolution":"/Users/sharathgh/Documents/EveA_Project/functions/node_modules/firebase-functions/lib/index.js"}
[debug] [2019-10-20T13:57:16.780Z] [runtime-status] Resolved module firebase-functions {"declared":true,"installed":true,"version":"3.2.0","resolution":"/Users/sharathgh/Documents/EveA_Project/functions/node_modules/firebase-functions/lib/index.js"}
[info] ✔  functions[api]: http function initialized (http://localhost:5001/evea-prj/us-central1/api).
[info] [hosting] Rewriting /api/v1/login to http://localhost:5001/evea-prj/us-central1/api for local Function api
[debug] [2019-10-20T13:57:45.773Z] Accepted request POST /evea-prj/us-central1/api/api/v1/login --> api
[debug] [2019-10-20T13:57:46.088Z] [runtime-status] Functions runtime initialized. {"cwd":"/Users/sharathgh/Documents/EveA_Project/functions","node_version":"10.16.3"}
[info] i  functions: Beginning execution of "api"
[debug] [2019-10-20T13:57:46.089Z] [runtime-status] Disabled runtime features: {"functions_config_helper":true,"network_filtering":true,"timeout":true,"memory_limiting":true,"admin_stubs":true} {}
[debug] [2019-10-20T13:57:46.092Z] [runtime-status] Resolved module firebase-admin {"declared":true,"installed":true,"version":"8.6.0","resolution":"/Users/sharathgh/Documents/EveA_Project/functions/node_modules/firebase-admin/lib/index.js"}
[debug] [2019-10-20T13:57:46.093Z] [runtime-status] Resolved module firebase-functions {"declared":true,"installed":true,"version":"3.2.0","resolution":"/Users/sharathgh/Documents/EveA_Project/functions/node_modules/firebase-functions/lib/index.js"}
[debug] [2019-10-20T13:57:46.094Z] [runtime-status] Resolved module firebase-functions {"declared":true,"installed":true,"version":"3.2.0","resolution":"/Users/sharathgh/Documents/EveA_Project/functions/node_modules/firebase-functions/lib/index.js"}
[debug] [2019-10-20T13:57:46.472Z] [runtime-status] Trigger "api" has been found, beginning invocation! {}
[debug] [2019-10-20T13:57:46.472Z] [runtime-status]  {"httpsTrigger":{},"name":"api","entryPoint":"api"}
[debug] [2019-10-20T13:57:46.472Z] [runtime-status] Running api in mode HTTPS {}
[debug] [2019-10-20T13:57:46.479Z] {"socketPath":"/var/folders/1y/gb4w8tz977n_b6mr19z61hdm0000gn/T/firebase_emulator_invocation_30591.sock"}
[debug] [2019-10-20T13:57:46.482Z] [functions] Runtime ready! Sending request! {"socketPath":"/var/folders/1y/gb4w8tz977n_b6mr19z61hdm0000gn/T/firebase_emulator_invocation_30591.sock"}
[debug] [2019-10-20T13:57:46.523Z] [runtime-status] Ephemeral server used! {}
[debug] [2019-10-20T13:57:46.547Z] [runtime-status] Ephemeral server survived. {}
[info] i  functions: Finished "api" in ~1s
[info] [hosting] Rewriting /api/v1/events to http://localhost:5001/evea-prj/us-central1/api for local Function api
[debug] [2019-10-20T13:57:47.183Z] Accepted request GET /evea-prj/us-central1/api/api/v1/events --> api
[debug] [2019-10-20T13:57:47.512Z] [runtime-status] Functions runtime initialized. {"cwd":"/Users/sharathgh/Documents/EveA_Project/functions","node_version":"10.16.3"}
[info] i  functions: Beginning execution of "api"
[debug] [2019-10-20T13:57:47.513Z] [runtime-status] Disabled runtime features: {"functions_config_helper":true,"network_filtering":true,"timeout":true,"memory_limiting":true,"admin_stubs":true} {}
[debug] [2019-10-20T13:57:47.518Z] [runtime-status] Resolved module firebase-admin {"declared":true,"installed":true,"version":"8.6.0","resolution":"/Users/sharathgh/Documents/EveA_Project/functions/node_modules/firebase-admin/lib/index.js"}
[debug] [2019-10-20T13:57:47.520Z] [runtime-status] Resolved module firebase-functions {"declared":true,"installed":true,"version":"3.2.0","resolution":"/Users/sharathgh/Documents/EveA_Project/functions/node_modules/firebase-functions/lib/index.js"}
[debug] [2019-10-20T13:57:47.521Z] [runtime-status] Resolved module firebase-functions {"declared":true,"installed":true,"version":"3.2.0","resolution":"/Users/sharathgh/Documents/EveA_Project/functions/node_modules/firebase-functions/lib/index.js"}
[debug] [2019-10-20T13:57:47.906Z] [runtime-status] Trigger "api" has been found, beginning invocation! {}
[debug] [2019-10-20T13:57:47.906Z] [runtime-status]  {"httpsTrigger":{},"name":"api","entryPoint":"api"}
[debug] [2019-10-20T13:57:47.906Z] [runtime-status] Running api in mode HTTPS {}
[debug] [2019-10-20T13:57:47.915Z] {"socketPath":"/var/folders/1y/gb4w8tz977n_b6mr19z61hdm0000gn/T/firebase_emulator_invocation_30592.sock"}
[debug] [2019-10-20T13:57:47.918Z] [functions] Runtime ready! Sending request! {"socketPath":"/var/folders/1y/gb4w8tz977n_b6mr19z61hdm0000gn/T/firebase_emulator_invocation_30592.sock"}
[debug] [2019-10-20T13:57:47.931Z] [runtime-status] Ephemeral server used! {}
[debug] [2019-10-20T13:57:48.035Z] [runtime-status] Ephemeral server survived. {}
[info] [hosting] Rewriting /api/v1/events to http://localhost:5001/evea-prj/us-central1/api for local Function api
[debug] [2019-10-20T13:57:49.103Z] Accepted request GET /evea-prj/us-central1/api/api/v1/events --> api
[info] i  functions: Finished "api" in ~1s
[debug] [2019-10-20T13:57:49.593Z] [runtime-status] Functions runtime initialized. {"cwd":"/Users/sharathgh/Documents/EveA_Project/functions","node_version":"10.16.3"}
[info] i  functions: Beginning execution of "api"
[debug] [2019-10-20T13:57:49.594Z] [runtime-status] Disabled runtime features: {"functions_config_helper":true,"network_filtering":true,"timeout":true,"memory_limiting":true,"admin_stubs":true} {}
[debug] [2019-10-20T13:57:49.598Z] [runtime-status] Resolved module firebase-admin {"declared":true,"installed":true,"version":"8.6.0","resolution":"/Users/sharathgh/Documents/EveA_Project/functions/node_modules/firebase-admin/lib/index.js"}
[debug] [2019-10-20T13:57:49.599Z] [runtime-status] Resolved module firebase-functions {"declared":true,"installed":true,"version":"3.2.0","resolution":"/Users/sharathgh/Documents/EveA_Project/functions/node_modules/firebase-functions/lib/index.js"}
[debug] [2019-10-20T13:57:49.602Z] [runtime-status] Resolved module firebase-functions {"declared":true,"installed":true,"version":"3.2.0","resolution":"/Users/sharathgh/Documents/EveA_Project/functions/node_modules/firebase-functions/lib/index.js"}
[debug] [2019-10-20T13:57:50.149Z] [runtime-status] Trigger "api" has been found, beginning invocation! {}
[debug] [2019-10-20T13:57:50.149Z] [runtime-status]  {"httpsTrigger":{},"name":"api","entryPoint":"api"}
[debug] [2019-10-20T13:57:50.149Z] [runtime-status] Running api in mode HTTPS {}
[debug] [2019-10-20T13:57:50.158Z] {"socketPath":"/var/folders/1y/gb4w8tz977n_b6mr19z61hdm0000gn/T/firebase_emulator_invocation_30593.sock"}
[debug] [2019-10-20T13:57:50.160Z] [functions] Runtime ready! Sending request! {"socketPath":"/var/folders/1y/gb4w8tz977n_b6mr19z61hdm0000gn/T/firebase_emulator_invocation_30593.sock"}
[debug] [2019-10-20T13:57:50.174Z] [runtime-status] Ephemeral server used! {}
[debug] [2019-10-20T13:57:50.305Z] [runtime-status] Ephemeral server survived. {}
[info] i  functions: Finished "api" in ~1s
[debug] [2019-10-20T14:02:54.528Z] ----------------------------------------------------------------------
[debug] [2019-10-20T14:02:54.530Z] Command:       /usr/local/bin/node /usr/local/bin/firebase serve
[debug] [2019-10-20T14:02:54.530Z] CLI Version:   7.5.0
[debug] [2019-10-20T14:02:54.530Z] Platform:      darwin
[debug] [2019-10-20T14:02:54.530Z] Node Version:  v10.16.3
[debug] [2019-10-20T14:02:54.531Z] Time:          Sun Oct 20 2019 15:02:54 GMT+0100 (Irish Standard Time)
[debug] [2019-10-20T14:02:54.531Z] ----------------------------------------------------------------------
[debug] 
[debug] [2019-10-20T14:02:54.539Z] > command requires scopes: ["email","openid","https://www.googleapis.com/auth/cloudplatformprojects.readonly","https://www.googleapis.com/auth/firebase","https://www.googleapis.com/auth/cloud-platform"]
[debug] [2019-10-20T14:02:54.540Z] > authorizing via signed-in user
[debug] [2019-10-20T14:02:54.540Z] [iam] checking project evea-prj for permissions ["firebase.projects.get"]
[debug] [2019-10-20T14:02:54.541Z] > refreshing access token with scopes: ["email","https://www.googleapis.com/auth/cloud-platform","https://www.googleapis.com/auth/cloudplatformprojects.readonly","https://www.googleapis.com/auth/firebase","openid"]
[debug] [2019-10-20T14:02:54.542Z] >>> HTTP REQUEST POST https://www.googleapis.com/oauth2/v3/token  
 <request body omitted>
[debug] [2019-10-20T14:02:55.291Z] <<< HTTP RESPONSE 200
[debug] [2019-10-20T14:02:55.307Z] >>> HTTP REQUEST POST https://cloudresourcemanager.googleapis.com/v1/projects/evea-prj:testIamPermissions  

[debug] [2019-10-20T14:02:55.760Z] <<< HTTP RESPONSE 200
[debug] [2019-10-20T14:02:55.761Z] >>> HTTP REQUEST GET https://firebase.googleapis.com/v1beta1/projects/evea-prj  
 
[debug] [2019-10-20T14:02:56.263Z] <<< HTTP RESPONSE 200
[info] 
[info] === Serving from '/Users/sharathgh/Documents/EveA_Project'...
[info] 
[debug] [2019-10-20T14:02:56.267Z] >>> HTTP REQUEST GET https://firebase.googleapis.com/v1beta1/projects/evea-prj/webApps/-/config  
 
[info] ✔  functions: Using node@10 from host.
[info] ✔  functions: Emulator started at http://localhost:5001
[debug] [2019-10-20T14:02:57.068Z] <<< HTTP RESPONSE 200
[info] i  functions: Watching "/Users/sharathgh/Documents/EveA_Project/functions" for Cloud Functions...
[info] i  hosting: Serving hosting files from: public
[info] ✔  hosting: Local server: http://localhost:5000
[debug] [2019-10-20T14:02:57.469Z] [runtime-status] Functions runtime initialized. {"cwd":"/Users/sharathgh/Documents/EveA_Project/functions","node_version":"10.16.3"}
[debug] [2019-10-20T14:02:57.469Z] [runtime-status] Disabled runtime features: {"functions_config_helper":true,"network_filtering":true,"timeout":true,"memory_limiting":true,"admin_stubs":true} {}
[debug] [2019-10-20T14:02:57.472Z] [runtime-status] Resolved module firebase-admin {"declared":true,"installed":true,"version":"8.6.0","resolution":"/Users/sharathgh/Documents/EveA_Project/functions/node_modules/firebase-admin/lib/index.js"}
[debug] [2019-10-20T14:02:57.474Z] [runtime-status] Resolved module firebase-functions {"declared":true,"installed":true,"version":"3.2.0","resolution":"/Users/sharathgh/Documents/EveA_Project/functions/node_modules/firebase-functions/lib/index.js"}
[debug] [2019-10-20T14:02:57.475Z] [runtime-status] Resolved module firebase-functions {"declared":true,"installed":true,"version":"3.2.0","resolution":"/Users/sharathgh/Documents/EveA_Project/functions/node_modules/firebase-functions/lib/index.js"}
[info] ✔  functions[api]: http function initialized (http://localhost:5001/evea-prj/us-central1/api).
[info] [hosting] Rewriting /api/v1/login to http://localhost:5001/evea-prj/us-central1/api for local Function api
[debug] [2019-10-20T14:03:49.577Z] Accepted request POST /evea-prj/us-central1/api/api/v1/login --> api
[debug] [2019-10-20T14:03:49.893Z] [runtime-status] Functions runtime initialized. {"cwd":"/Users/sharathgh/Documents/EveA_Project/functions","node_version":"10.16.3"}
[info] i  functions: Beginning execution of "api"
[debug] [2019-10-20T14:03:49.893Z] [runtime-status] Disabled runtime features: {"functions_config_helper":true,"network_filtering":true,"timeout":true,"memory_limiting":true,"admin_stubs":true} {}
[debug] [2019-10-20T14:03:49.897Z] [runtime-status] Resolved module firebase-admin {"declared":true,"installed":true,"version":"8.6.0","resolution":"/Users/sharathgh/Documents/EveA_Project/functions/node_modules/firebase-admin/lib/index.js"}
[debug] [2019-10-20T14:03:49.898Z] [runtime-status] Resolved module firebase-functions {"declared":true,"installed":true,"version":"3.2.0","resolution":"/Users/sharathgh/Documents/EveA_Project/functions/node_modules/firebase-functions/lib/index.js"}
[debug] [2019-10-20T14:03:49.898Z] [runtime-status] Resolved module firebase-functions {"declared":true,"installed":true,"version":"3.2.0","resolution":"/Users/sharathgh/Documents/EveA_Project/functions/node_modules/firebase-functions/lib/index.js"}
[debug] [2019-10-20T14:03:50.269Z] [runtime-status] Trigger "api" has been found, beginning invocation! {}
[debug] [2019-10-20T14:03:50.270Z] [runtime-status]  {"httpsTrigger":{},"name":"api","entryPoint":"api"}
[debug] [2019-10-20T14:03:50.270Z] [runtime-status] Running api in mode HTTPS {}
[debug] [2019-10-20T14:03:50.277Z] {"socketPath":"/var/folders/1y/gb4w8tz977n_b6mr19z61hdm0000gn/T/firebase_emulator_invocation_30713.sock"}
[debug] [2019-10-20T14:03:50.279Z] [functions] Runtime ready! Sending request! {"socketPath":"/var/folders/1y/gb4w8tz977n_b6mr19z61hdm0000gn/T/firebase_emulator_invocation_30713.sock"}
[debug] [2019-10-20T14:03:50.301Z] [runtime-status] Ephemeral server used! {}
[debug] [2019-10-20T14:03:50.326Z] [runtime-status] Ephemeral server survived. {}
[info] i  functions: Finished "api" in ~1s
[info] [hosting] Rewriting /api/v1/events to http://localhost:5001/evea-prj/us-central1/api for local Function api
[debug] [2019-10-20T14:03:51.185Z] Accepted request GET /evea-prj/us-central1/api/api/v1/events --> api
[debug] [2019-10-20T14:03:51.513Z] [runtime-status] Functions runtime initialized. {"cwd":"/Users/sharathgh/Documents/EveA_Project/functions","node_version":"10.16.3"}
[info] i  functions: Beginning execution of "api"
[debug] [2019-10-20T14:03:51.514Z] [runtime-status] Disabled runtime features: {"functions_config_helper":true,"network_filtering":true,"timeout":true,"memory_limiting":true,"admin_stubs":true} {}
[debug] [2019-10-20T14:03:51.517Z] [runtime-status] Resolved module firebase-admin {"declared":true,"installed":true,"version":"8.6.0","resolution":"/Users/sharathgh/Documents/EveA_Project/functions/node_modules/firebase-admin/lib/index.js"}
[debug] [2019-10-20T14:03:51.518Z] [runtime-status] Resolved module firebase-functions {"declared":true,"installed":true,"version":"3.2.0","resolution":"/Users/sharathgh/Documents/EveA_Project/functions/node_modules/firebase-functions/lib/index.js"}
[debug] [2019-10-20T14:03:51.519Z] [runtime-status] Resolved module firebase-functions {"declared":true,"installed":true,"version":"3.2.0","resolution":"/Users/sharathgh/Documents/EveA_Project/functions/node_modules/firebase-functions/lib/index.js"}
[debug] [2019-10-20T14:03:51.903Z] [runtime-status] Trigger "api" has been found, beginning invocation! {}
[debug] [2019-10-20T14:03:51.903Z] [runtime-status]  {"httpsTrigger":{},"name":"api","entryPoint":"api"}
[debug] [2019-10-20T14:03:51.903Z] [runtime-status] Running api in mode HTTPS {}
[debug] [2019-10-20T14:03:51.911Z] {"socketPath":"/var/folders/1y/gb4w8tz977n_b6mr19z61hdm0000gn/T/firebase_emulator_invocation_30714.sock"}
[debug] [2019-10-20T14:03:51.913Z] [functions] Runtime ready! Sending request! {"socketPath":"/var/folders/1y/gb4w8tz977n_b6mr19z61hdm0000gn/T/firebase_emulator_invocation_30714.sock"}
[debug] [2019-10-20T14:03:51.925Z] [runtime-status] Ephemeral server used! {}
[debug] [2019-10-20T14:03:51.999Z] [runtime-status] Ephemeral server survived. {}
[info] [hosting] Rewriting /api/v1/events to http://localhost:5001/evea-prj/us-central1/api for local Function api
[debug] [2019-10-20T14:03:52.821Z] Accepted request GET /evea-prj/us-central1/api/api/v1/events --> api
[info] i  functions: Finished "api" in ~1s
[debug] [2019-10-20T14:03:53.270Z] [runtime-status] Functions runtime initialized. {"cwd":"/Users/sharathgh/Documents/EveA_Project/functions","node_version":"10.16.3"}
[info] i  functions: Beginning execution of "api"
[debug] [2019-10-20T14:03:53.272Z] [runtime-status] Disabled runtime features: {"functions_config_helper":true,"network_filtering":true,"timeout":true,"memory_limiting":true,"admin_stubs":true} {}
[debug] [2019-10-20T14:03:53.278Z] [runtime-status] Resolved module firebase-admin {"declared":true,"installed":true,"version":"8.6.0","resolution":"/Users/sharathgh/Documents/EveA_Project/functions/node_modules/firebase-admin/lib/index.js"}
[debug] [2019-10-20T14:03:53.278Z] [runtime-status] Resolved module firebase-functions {"declared":true,"installed":true,"version":"3.2.0","resolution":"/Users/sharathgh/Documents/EveA_Project/functions/node_modules/firebase-functions/lib/index.js"}
[debug] [2019-10-20T14:03:53.281Z] [runtime-status] Resolved module firebase-functions {"declared":true,"installed":true,"version":"3.2.0","resolution":"/Users/sharathgh/Documents/EveA_Project/functions/node_modules/firebase-functions/lib/index.js"}
[debug] [2019-10-20T14:03:53.931Z] [runtime-status] Trigger "api" has been found, beginning invocation! {}
[debug] [2019-10-20T14:03:53.931Z] [runtime-status]  {"httpsTrigger":{},"name":"api","entryPoint":"api"}
[debug] [2019-10-20T14:03:53.932Z] [runtime-status] Running api in mode HTTPS {}
[debug] [2019-10-20T14:03:53.939Z] {"socketPath":"/var/folders/1y/gb4w8tz977n_b6mr19z61hdm0000gn/T/firebase_emulator_invocation_30715.sock"}
[debug] [2019-10-20T14:03:53.940Z] [functions] Runtime ready! Sending request! {"socketPath":"/var/folders/1y/gb4w8tz977n_b6mr19z61hdm0000gn/T/firebase_emulator_invocation_30715.sock"}
[debug] [2019-10-20T14:03:53.951Z] [runtime-status] Ephemeral server used! {}
[debug] [2019-10-20T14:03:54.041Z] [runtime-status] Ephemeral server survived. {}
[info] i  functions: Finished "api" in ~1s
