[debug] [2019-10-07T22:43:36.256Z] ----------------------------------------------------------------------
[debug] [2019-10-07T22:43:36.258Z] Command:       C:\Program Files\nodejs\node.exe C:\Users\Darshan\AppData\Roaming\npm\node_modules\firebase-tools\lib\bin\firebase.js init
[debug] [2019-10-07T22:43:36.258Z] CLI Version:   7.4.0
[debug] [2019-10-07T22:43:36.258Z] Platform:      win32
[debug] [2019-10-07T22:43:36.258Z] Node Version:  v10.16.0
[debug] [2019-10-07T22:43:36.260Z] Time:          Mon Oct 07 2019 23:43:36 GMT+0100 (Irish Standard Time)
[debug] [2019-10-07T22:43:36.260Z] ----------------------------------------------------------------------
[debug] 
[debug] [2019-10-07T22:43:36.268Z] > command requires scopes: ["email","openid","https://www.googleapis.com/auth/cloudplatformprojects.readonly","https://www.googleapis.com/auth/firebase","https://www.googleapis.com/auth/cloud-platform"]
[debug] [2019-10-07T22:43:36.268Z] > authorizing via signed-in user
[info] 
     ######## #### ########  ######## ########     ###     ######  ########
     ##        ##  ##     ## ##       ##     ##  ##   ##  ##       ##
     ######    ##  ########  ######   ########  #########  ######  ######
     ##        ##  ##    ##  ##       ##     ## ##     ##       ## ##
     ##       #### ##     ## ######## ########  ##     ##  ######  ########

You're about to initialize a Firebase project in this directory:

  C:\Users\Darshan\Desktop\MSC_FinalProject\EveA_Project

Before we get started, keep in mind:

  * You are initializing in an existing Firebase project directory

